2025-11-17 12:41:49 [main] INFO  c.pokeapi.backend.PokeApiApplication - Starting PokeApiApplication using Java 24.0.1 with PID 41659 (/Users/ryankim/PokeAPI/PokeAPI/backend/target/classes started by ryankim in /Users/ryankim/PokeAPI/PokeAPI/backend)
2025-11-17 12:41:49 [main] DEBUG c.pokeapi.backend.PokeApiApplication - Running with Spring Boot v3.2.0, Spring v6.1.1
2025-11-17 12:41:49 [main] INFO  c.pokeapi.backend.PokeApiApplication - No active profile set, falling back to 1 default profile: "default"
2025-11-17 12:41:50 [main] WARN  o.m.s.mapper.ClassPathMapperScanner - No MyBatis mapper was found in '[com.pokeapi.backend]' package. Please check your configuration.
2025-11-17 12:41:50 [main] INFO  o.a.catalina.core.StandardService - Starting service [Tomcat]
2025-11-17 12:41:50 [main] INFO  o.a.catalina.core.StandardEngine - Starting Servlet engine: [Apache Tomcat/10.1.16]
2025-11-17 12:41:50 [main] INFO  o.a.c.c.C.[Tomcat].[localhost].[/] - Initializing Spring embedded WebApplicationContext
2025-11-17 12:41:50 [main] INFO  o.h.jpa.internal.util.LogHelper - HHH000204: Processing PersistenceUnitInfo [name: default]
2025-11-17 12:41:50 [main] INFO  org.hibernate.Version - HHH000412: Hibernate ORM core version 6.3.1.Final
2025-11-17 12:41:50 [main] INFO  o.h.c.i.RegionFactoryInitiator - HHH000026: Second-level cache disabled
2025-11-17 12:41:50 [main] INFO  com.zaxxer.hikari.HikariDataSource - HikariPool-1 - Starting...
2025-11-17 12:41:50 [main] INFO  com.zaxxer.hikari.pool.HikariPool - HikariPool-1 - Added connection org.postgresql.jdbc.PgConnection@5773d271
2025-11-17 12:41:50 [main] INFO  com.zaxxer.hikari.HikariDataSource - HikariPool-1 - Start completed.
2025-11-17 12:41:50 [main] WARN  org.hibernate.orm.deprecation - HHH90000025: PostgreSQLDialect does not need to be specified explicitly using 'hibernate.dialect' (remove the property setting and it will be selected by default)
2025-11-17 12:41:51 [main] INFO  o.h.e.t.j.p.i.JtaPlatformInitiator - HHH000489: No JTA platform available (set 'hibernate.transaction.jta.platform' to enable JTA platform integration)
2025-11-17 12:41:52 [main] INFO  c.p.backend.service.PokemonService - 이미 포켓몬 데이터가 초기화되어 있습니다. 스킵합니다.
2025-11-17 12:41:52 [main] WARN  o.s.b.a.o.j.JpaBaseConfiguration$JpaWebConfiguration - spring.jpa.open-in-view is enabled by default. Therefore, database queries may be performed during view rendering. Explicitly configure spring.jpa.open-in-view to disable this warning
2025-11-17 12:41:52 [main] INFO  c.pokeapi.backend.PokeApiApplication - Started PokeApiApplication in 2.512 seconds (process running for 2.657)
2025-11-17 12:42:29 [http-nio-8080-exec-4] INFO  o.a.c.c.C.[Tomcat].[localhost].[/] - Initializing Spring DispatcherServlet 'dispatcherServlet'
2025-11-17 12:42:29 [http-nio-8080-exec-1] ERROR o.a.c.c.C.[.[.[.[dispatcherServlet] - Servlet.service() for servlet [dispatcherServlet] in context with path [] threw exception [Request processing failed: java.lang.IllegalArgumentException: When allowCredentials is true, allowedOrigins cannot contain the special value "*" since that cannot be set on the "Access-Control-Allow-Origin" response header. To allow credentials to a set of origins, list them explicitly or consider using "allowedOriginPatterns" instead.] with root cause
java.lang.IllegalArgumentException: When allowCredentials is true, allowedOrigins cannot contain the special value "*" since that cannot be set on the "Access-Control-Allow-Origin" response header. To allow credentials to a set of origins, list them explicitly or consider using "allowedOriginPatterns" instead.
	at org.springframework.web.cors.CorsConfiguration.validateAllowCredentials(CorsConfiguration.java:538)
	at org.springframework.web.servlet.handler.AbstractHandlerMapping.getHandler(AbstractHandlerMapping.java:542)
	at org.springframework.web.servlet.DispatcherServlet.getHandler(DispatcherServlet.java:1283)
	at org.springframework.web.servlet.DispatcherServlet.doDispatch(DispatcherServlet.java:1065)
	at org.springframework.web.servlet.DispatcherServlet.doService(DispatcherServlet.java:979)
	at org.springframework.web.servlet.FrameworkServlet.processRequest(FrameworkServlet.java:1014)
	at org.springframework.web.servlet.FrameworkServlet.doOptions(FrameworkServlet.java:950)
	at jakarta.servlet.http.HttpServlet.service(HttpServlet.java:599)
	at org.springframework.web.servlet.FrameworkServlet.service(FrameworkServlet.java:885)
	at jakarta.servlet.http.HttpServlet.service(HttpServlet.java:658)
	at org.apache.catalina.core.ApplicationFilterChain.internalDoFilter(ApplicationFilterChain.java:205)
	at org.apache.catalina.core.ApplicationFilterChain.doFilter(ApplicationFilterChain.java:149)
	at org.apache.tomcat.websocket.server.WsFilter.doFilter(WsFilter.java:51)
	at org.apache.catalina.core.ApplicationFilterChain.internalDoFilter(ApplicationFilterChain.java:174)
	at org.apache.catalina.core.ApplicationFilterChain.doFilter(ApplicationFilterChain.java:149)
	at org.springframework.web.filter.RequestContextFilter.doFilterInternal(RequestContextFilter.java:100)
	at org.springframework.web.filter.OncePerRequestFilter.doFilter(OncePerRequestFilter.java:116)
	at org.apache.catalina.core.ApplicationFilterChain.internalDoFilter(ApplicationFilterChain.java:174)
	at org.apache.catalina.core.ApplicationFilterChain.doFilter(ApplicationFilterChain.java:149)
	at org.springframework.web.filter.FormContentFilter.doFilterInternal(FormContentFilter.java:93)
	at org.springframework.web.filter.OncePerRequestFilter.doFilter(OncePerRequestFilter.java:116)
	at org.apache.catalina.core.ApplicationFilterChain.internalDoFilter(ApplicationFilterChain.java:174)
	at org.apache.catalina.core.ApplicationFilterChain.doFilter(ApplicationFilterChain.java:149)
	at org.springframework.web.filter.CharacterEncodingFilter.doFilterInternal(CharacterEncodingFilter.java:201)
	at org.springframework.web.filter.OncePerRequestFilter.doFilter(OncePerRequestFilter.java:116)
	at org.apache.catalina.core.ApplicationFilterChain.internalDoFilter(ApplicationFilterChain.java:174)
	at org.apache.catalina.core.ApplicationFilterChain.doFilter(ApplicationFilterChain.java:149)
	at org.apache.catalina.core.StandardWrapperValve.invoke(StandardWrapperValve.java:167)
	at org.apache.catalina.core.StandardContextValve.invoke(StandardContextValve.java:90)
	at org.apache.catalina.authenticator.AuthenticatorBase.invoke(AuthenticatorBase.java:482)
	at org.apache.catalina.core.StandardHostValve.invoke(StandardHostValve.java:115)
	at org.apache.catalina.valves.ErrorReportValve.invoke(ErrorReportValve.java:93)
	at org.apache.catalina.core.StandardEngineValve.invoke(StandardEngineValve.java:74)
	at org.apache.catalina.connector.CoyoteAdapter.service(CoyoteAdapter.java:340)
	at org.apache.coyote.http11.Http11Processor.service(Http11Processor.java:391)
	at org.apache.coyote.AbstractProcessorLight.process(AbstractProcessorLight.java:63)
	at org.apache.coyote.AbstractProtocol$ConnectionHandler.process(AbstractProtocol.java:896)
	at org.apache.tomcat.util.net.NioEndpoint$SocketProcessor.doRun(NioEndpoint.java:1744)
	at org.apache.tomcat.util.net.SocketProcessorBase.run(SocketProcessorBase.java:52)
	at org.apache.tomcat.util.threads.ThreadPoolExecutor.runWorker(ThreadPoolExecutor.java:1191)
	at org.apache.tomcat.util.threads.ThreadPoolExecutor$Worker.run(ThreadPoolExecutor.java:659)
	at org.apache.tomcat.util.threads.TaskThread$WrappingRunnable.run(TaskThread.java:61)
	at java.base/java.lang.Thread.run(Thread.java:1447)
2025-11-17 12:42:29 [http-nio-8080-exec-4] ERROR o.a.c.c.C.[.[.[.[dispatcherServlet] - Servlet.service() for servlet [dispatcherServlet] in context with path [] threw exception [Request processing failed: java.lang.IllegalArgumentException: When allowCredentials is true, allowedOrigins cannot contain the special value "*" since that cannot be set on the "Access-Control-Allow-Origin" response header. To allow credentials to a set of origins, list them explicitly or consider using "allowedOriginPatterns" instead.] with root cause
java.lang.IllegalArgumentException: When allowCredentials is true, allowedOrigins cannot contain the special value "*" since that cannot be set on the "Access-Control-Allow-Origin" response header. To allow credentials to a set of origins, list them explicitly or consider using "allowedOriginPatterns" instead.
	at org.springframework.web.cors.CorsConfiguration.validateAllowCredentials(CorsConfiguration.java:538)
	at org.springframework.web.servlet.handler.AbstractHandlerMapping.getHandler(AbstractHandlerMapping.java:542)
	at org.springframework.web.servlet.DispatcherServlet.getHandler(DispatcherServlet.java:1283)
	at org.springframework.web.servlet.DispatcherServlet.doDispatch(DispatcherServlet.java:1065)
	at org.springframework.web.servlet.DispatcherServlet.doService(DispatcherServlet.java:979)
	at org.springframework.web.servlet.FrameworkServlet.processRequest(FrameworkServlet.java:1014)
	at org.springframework.web.servlet.FrameworkServlet.doOptions(FrameworkServlet.java:950)
	at jakarta.servlet.http.HttpServlet.service(HttpServlet.java:599)
	at org.springframework.web.servlet.FrameworkServlet.service(FrameworkServlet.java:885)
	at jakarta.servlet.http.HttpServlet.service(HttpServlet.java:658)
	at org.apache.catalina.core.ApplicationFilterChain.internalDoFilter(ApplicationFilterChain.java:205)
	at org.apache.catalina.core.ApplicationFilterChain.doFilter(ApplicationFilterChain.java:149)
	at org.apache.tomcat.websocket.server.WsFilter.doFilter(WsFilter.java:51)
	at org.apache.catalina.core.ApplicationFilterChain.internalDoFilter(ApplicationFilterChain.java:174)
	at org.apache.catalina.core.ApplicationFilterChain.doFilter(ApplicationFilterChain.java:149)
	at org.springframework.web.filter.RequestContextFilter.doFilterInternal(RequestContextFilter.java:100)
	at org.springframework.web.filter.OncePerRequestFilter.doFilter(OncePerRequestFilter.java:116)
	at org.apache.catalina.core.ApplicationFilterChain.internalDoFilter(ApplicationFilterChain.java:174)
	at org.apache.catalina.core.ApplicationFilterChain.doFilter(ApplicationFilterChain.java:149)
	at org.springframework.web.filter.FormContentFilter.doFilterInternal(FormContentFilter.java:93)
	at org.springframework.web.filter.OncePerRequestFilter.doFilter(OncePerRequestFilter.java:116)
	at org.apache.catalina.core.ApplicationFilterChain.internalDoFilter(ApplicationFilterChain.java:174)
	at org.apache.catalina.core.ApplicationFilterChain.doFilter(ApplicationFilterChain.java:149)
	at org.springframework.web.filter.CharacterEncodingFilter.doFilterInternal(CharacterEncodingFilter.java:201)
	at org.springframework.web.filter.OncePerRequestFilter.doFilter(OncePerRequestFilter.java:116)
	at org.apache.catalina.core.ApplicationFilterChain.internalDoFilter(ApplicationFilterChain.java:174)
	at org.apache.catalina.core.ApplicationFilterChain.doFilter(ApplicationFilterChain.java:149)
	at org.apache.catalina.core.StandardWrapperValve.invoke(StandardWrapperValve.java:167)
	at org.apache.catalina.core.StandardContextValve.invoke(StandardContextValve.java:90)
	at org.apache.catalina.authenticator.AuthenticatorBase.invoke(AuthenticatorBase.java:482)
	at org.apache.catalina.core.StandardHostValve.invoke(StandardHostValve.java:115)
	at org.apache.catalina.valves.ErrorReportValve.invoke(ErrorReportValve.java:93)
	at org.apache.catalina.core.StandardEngineValve.invoke(StandardEngineValve.java:74)
	at org.apache.catalina.connector.CoyoteAdapter.service(CoyoteAdapter.java:340)
	at org.apache.coyote.http11.Http11Processor.service(Http11Processor.java:391)
	at org.apache.coyote.AbstractProcessorLight.process(AbstractProcessorLight.java:63)
	at org.apache.coyote.AbstractProtocol$ConnectionHandler.process(AbstractProtocol.java:896)
	at org.apache.tomcat.util.net.NioEndpoint$SocketProcessor.doRun(NioEndpoint.java:1744)
	at org.apache.tomcat.util.net.SocketProcessorBase.run(SocketProcessorBase.java:52)
	at org.apache.tomcat.util.threads.ThreadPoolExecutor.runWorker(ThreadPoolExecutor.java:1191)
	at org.apache.tomcat.util.threads.ThreadPoolExecutor$Worker.run(ThreadPoolExecutor.java:659)
	at org.apache.tomcat.util.threads.TaskThread$WrappingRunnable.run(TaskThread.java:61)
	at java.base/java.lang.Thread.run(Thread.java:1447)
2025-11-17 12:42:29 [http-nio-8080-exec-3] ERROR o.a.c.c.C.[.[.[.[dispatcherServlet] - Servlet.service() for servlet [dispatcherServlet] in context with path [] threw exception [Request processing failed: java.lang.IllegalArgumentException: When allowCredentials is true, allowedOrigins cannot contain the special value "*" since that cannot be set on the "Access-Control-Allow-Origin" response header. To allow credentials to a set of origins, list them explicitly or consider using "allowedOriginPatterns" instead.] with root cause
java.lang.IllegalArgumentException: When allowCredentials is true, allowedOrigins cannot contain the special value "*" since that cannot be set on the "Access-Control-Allow-Origin" response header. To allow credentials to a set of origins, list them explicitly or consider using "allowedOriginPatterns" instead.
	at org.springframework.web.cors.CorsConfiguration.validateAllowCredentials(CorsConfiguration.java:538)
	at org.springframework.web.servlet.handler.AbstractHandlerMapping.getHandler(AbstractHandlerMapping.java:542)
	at org.springframework.web.servlet.DispatcherServlet.getHandler(DispatcherServlet.java:1283)
	at org.springframework.web.servlet.DispatcherServlet.doDispatch(DispatcherServlet.java:1065)
	at org.springframework.web.servlet.DispatcherServlet.doService(DispatcherServlet.java:979)
	at org.springframework.web.servlet.FrameworkServlet.processRequest(FrameworkServlet.java:1014)
	at org.springframework.web.servlet.FrameworkServlet.doOptions(FrameworkServlet.java:950)
	at jakarta.servlet.http.HttpServlet.service(HttpServlet.java:599)
	at org.springframework.web.servlet.FrameworkServlet.service(FrameworkServlet.java:885)
	at jakarta.servlet.http.HttpServlet.service(HttpServlet.java:658)
	at org.apache.catalina.core.ApplicationFilterChain.internalDoFilter(ApplicationFilterChain.java:205)
	at org.apache.catalina.core.ApplicationFilterChain.doFilter(ApplicationFilterChain.java:149)
	at org.apache.tomcat.websocket.server.WsFilter.doFilter(WsFilter.java:51)
	at org.apache.catalina.core.ApplicationFilterChain.internalDoFilter(ApplicationFilterChain.java:174)
	at org.apache.catalina.core.ApplicationFilterChain.doFilter(ApplicationFilterChain.java:149)
	at org.springframework.web.filter.RequestContextFilter.doFilterInternal(RequestContextFilter.java:100)
	at org.springframework.web.filter.OncePerRequestFilter.doFilter(OncePerRequestFilter.java:116)
	at org.apache.catalina.core.ApplicationFilterChain.internalDoFilter(ApplicationFilterChain.java:174)
	at org.apache.catalina.core.ApplicationFilterChain.doFilter(ApplicationFilterChain.java:149)
	at org.springframework.web.filter.FormContentFilter.doFilterInternal(FormContentFilter.java:93)
	at org.springframework.web.filter.OncePerRequestFilter.doFilter(OncePerRequestFilter.java:116)
	at org.apache.catalina.core.ApplicationFilterChain.internalDoFilter(ApplicationFilterChain.java:174)
	at org.apache.catalina.core.ApplicationFilterChain.doFilter(ApplicationFilterChain.java:149)
	at org.springframework.web.filter.CharacterEncodingFilter.doFilterInternal(CharacterEncodingFilter.java:201)
	at org.springframework.web.filter.OncePerRequestFilter.doFilter(OncePerRequestFilter.java:116)
	at org.apache.catalina.core.ApplicationFilterChain.internalDoFilter(ApplicationFilterChain.java:174)
	at org.apache.catalina.core.ApplicationFilterChain.doFilter(ApplicationFilterChain.java:149)
	at org.apache.catalina.core.StandardWrapperValve.invoke(StandardWrapperValve.java:167)
	at org.apache.catalina.core.StandardContextValve.invoke(StandardContextValve.java:90)
	at org.apache.catalina.authenticator.AuthenticatorBase.invoke(AuthenticatorBase.java:482)
	at org.apache.catalina.core.StandardHostValve.invoke(StandardHostValve.java:115)
	at org.apache.catalina.valves.ErrorReportValve.invoke(ErrorReportValve.java:93)
	at org.apache.catalina.core.StandardEngineValve.invoke(StandardEngineValve.java:74)
	at org.apache.catalina.connector.CoyoteAdapter.service(CoyoteAdapter.java:340)
	at org.apache.coyote.http11.Http11Processor.service(Http11Processor.java:391)
	at org.apache.coyote.AbstractProcessorLight.process(AbstractProcessorLight.java:63)
	at org.apache.coyote.AbstractProtocol$ConnectionHandler.process(AbstractProtocol.java:896)
	at org.apache.tomcat.util.net.NioEndpoint$SocketProcessor.doRun(NioEndpoint.java:1744)
	at org.apache.tomcat.util.net.SocketProcessorBase.run(SocketProcessorBase.java:52)
	at org.apache.tomcat.util.threads.ThreadPoolExecutor.runWorker(ThreadPoolExecutor.java:1191)
	at org.apache.tomcat.util.threads.ThreadPoolExecutor$Worker.run(ThreadPoolExecutor.java:659)
	at org.apache.tomcat.util.threads.TaskThread$WrappingRunnable.run(TaskThread.java:61)
	at java.base/java.lang.Thread.run(Thread.java:1447)
2025-11-17 12:42:29 [http-nio-8080-exec-2] ERROR o.a.c.c.C.[.[.[.[dispatcherServlet] - Servlet.service() for servlet [dispatcherServlet] in context with path [] threw exception [Request processing failed: java.lang.IllegalArgumentException: When allowCredentials is true, allowedOrigins cannot contain the special value "*" since that cannot be set on the "Access-Control-Allow-Origin" response header. To allow credentials to a set of origins, list them explicitly or consider using "allowedOriginPatterns" instead.] with root cause
java.lang.IllegalArgumentException: When allowCredentials is true, allowedOrigins cannot contain the special value "*" since that cannot be set on the "Access-Control-Allow-Origin" response header. To allow credentials to a set of origins, list them explicitly or consider using "allowedOriginPatterns" instead.
	at org.springframework.web.cors.CorsConfiguration.validateAllowCredentials(CorsConfiguration.java:538)
	at org.springframework.web.servlet.handler.AbstractHandlerMapping.getHandler(AbstractHandlerMapping.java:542)
	at org.springframework.web.servlet.DispatcherServlet.getHandler(DispatcherServlet.java:1283)
	at org.springframework.web.servlet.DispatcherServlet.doDispatch(DispatcherServlet.java:1065)
	at org.springframework.web.servlet.DispatcherServlet.doService(DispatcherServlet.java:979)
	at org.springframework.web.servlet.FrameworkServlet.processRequest(FrameworkServlet.java:1014)
	at org.springframework.web.servlet.FrameworkServlet.doOptions(FrameworkServlet.java:950)
	at jakarta.servlet.http.HttpServlet.service(HttpServlet.java:599)
	at org.springframework.web.servlet.FrameworkServlet.service(FrameworkServlet.java:885)
	at jakarta.servlet.http.HttpServlet.service(HttpServlet.java:658)
	at org.apache.catalina.core.ApplicationFilterChain.internalDoFilter(ApplicationFilterChain.java:205)
	at org.apache.catalina.core.ApplicationFilterChain.doFilter(ApplicationFilterChain.java:149)
	at org.apache.tomcat.websocket.server.WsFilter.doFilter(WsFilter.java:51)
	at org.apache.catalina.core.ApplicationFilterChain.internalDoFilter(ApplicationFilterChain.java:174)
	at org.apache.catalina.core.ApplicationFilterChain.doFilter(ApplicationFilterChain.java:149)
	at org.springframework.web.filter.RequestContextFilter.doFilterInternal(RequestContextFilter.java:100)
	at org.springframework.web.filter.OncePerRequestFilter.doFilter(OncePerRequestFilter.java:116)
	at org.apache.catalina.core.ApplicationFilterChain.internalDoFilter(ApplicationFilterChain.java:174)
	at org.apache.catalina.core.ApplicationFilterChain.doFilter(ApplicationFilterChain.java:149)
	at org.springframework.web.filter.FormContentFilter.doFilterInternal(FormContentFilter.java:93)
	at org.springframework.web.filter.OncePerRequestFilter.doFilter(OncePerRequestFilter.java:116)
	at org.apache.catalina.core.ApplicationFilterChain.internalDoFilter(ApplicationFilterChain.java:174)
	at org.apache.catalina.core.ApplicationFilterChain.doFilter(ApplicationFilterChain.java:149)
	at org.springframework.web.filter.CharacterEncodingFilter.doFilterInternal(CharacterEncodingFilter.java:201)
	at org.springframework.web.filter.OncePerRequestFilter.doFilter(OncePerRequestFilter.java:116)
	at org.apache.catalina.core.ApplicationFilterChain.internalDoFilter(ApplicationFilterChain.java:174)
	at org.apache.catalina.core.ApplicationFilterChain.doFilter(ApplicationFilterChain.java:149)
	at org.apache.catalina.core.StandardWrapperValve.invoke(StandardWrapperValve.java:167)
	at org.apache.catalina.core.StandardContextValve.invoke(StandardContextValve.java:90)
	at org.apache.catalina.authenticator.AuthenticatorBase.invoke(AuthenticatorBase.java:482)
	at org.apache.catalina.core.StandardHostValve.invoke(StandardHostValve.java:115)
	at org.apache.catalina.valves.ErrorReportValve.invoke(ErrorReportValve.java:93)
	at org.apache.catalina.core.StandardEngineValve.invoke(StandardEngineValve.java:74)
	at org.apache.catalina.connector.CoyoteAdapter.service(CoyoteAdapter.java:340)
	at org.apache.coyote.http11.Http11Processor.service(Http11Processor.java:391)
	at org.apache.coyote.AbstractProcessorLight.process(AbstractProcessorLight.java:63)
	at org.apache.coyote.AbstractProtocol$ConnectionHandler.process(AbstractProtocol.java:896)
	at org.apache.tomcat.util.net.NioEndpoint$SocketProcessor.doRun(NioEndpoint.java:1744)
	at org.apache.tomcat.util.net.SocketProcessorBase.run(SocketProcessorBase.java:52)
	at org.apache.tomcat.util.threads.ThreadPoolExecutor.runWorker(ThreadPoolExecutor.java:1191)
	at org.apache.tomcat.util.threads.ThreadPoolExecutor$Worker.run(ThreadPoolExecutor.java:659)
	at org.apache.tomcat.util.threads.TaskThread$WrappingRunnable.run(TaskThread.java:61)
	at java.base/java.lang.Thread.run(Thread.java:1447)
2025-11-17 12:42:30 [http-nio-8080-exec-6] ERROR o.a.c.c.C.[.[.[.[dispatcherServlet] - Servlet.service() for servlet [dispatcherServlet] in context with path [] threw exception [Request processing failed: java.lang.IllegalArgumentException: When allowCredentials is true, allowedOrigins cannot contain the special value "*" since that cannot be set on the "Access-Control-Allow-Origin" response header. To allow credentials to a set of origins, list them explicitly or consider using "allowedOriginPatterns" instead.] with root cause
java.lang.IllegalArgumentException: When allowCredentials is true, allowedOrigins cannot contain the special value "*" since that cannot be set on the "Access-Control-Allow-Origin" response header. To allow credentials to a set of origins, list them explicitly or consider using "allowedOriginPatterns" instead.
	at org.springframework.web.cors.CorsConfiguration.validateAllowCredentials(CorsConfiguration.java:538)
	at org.springframework.web.servlet.handler.AbstractHandlerMapping.getHandler(AbstractHandlerMapping.java:542)
	at org.springframework.web.servlet.DispatcherServlet.getHandler(DispatcherServlet.java:1283)
	at org.springframework.web.servlet.DispatcherServlet.doDispatch(DispatcherServlet.java:1065)
	at org.springframework.web.servlet.DispatcherServlet.doService(DispatcherServlet.java:979)
	at org.springframework.web.servlet.FrameworkServlet.processRequest(FrameworkServlet.java:1014)
	at org.springframework.web.servlet.FrameworkServlet.doOptions(FrameworkServlet.java:950)
	at jakarta.servlet.http.HttpServlet.service(HttpServlet.java:599)
	at org.springframework.web.servlet.FrameworkServlet.service(FrameworkServlet.java:885)
	at jakarta.servlet.http.HttpServlet.service(HttpServlet.java:658)
	at org.apache.catalina.core.ApplicationFilterChain.internalDoFilter(ApplicationFilterChain.java:205)
	at org.apache.catalina.core.ApplicationFilterChain.doFilter(ApplicationFilterChain.java:149)
	at org.apache.tomcat.websocket.server.WsFilter.doFilter(WsFilter.java:51)
	at org.apache.catalina.core.ApplicationFilterChain.internalDoFilter(ApplicationFilterChain.java:174)
	at org.apache.catalina.core.ApplicationFilterChain.doFilter(ApplicationFilterChain.java:149)
	at org.springframework.web.filter.RequestContextFilter.doFilterInternal(RequestContextFilter.java:100)
	at org.springframework.web.filter.OncePerRequestFilter.doFilter(OncePerRequestFilter.java:116)
	at org.apache.catalina.core.ApplicationFilterChain.internalDoFilter(ApplicationFilterChain.java:174)
	at org.apache.catalina.core.ApplicationFilterChain.doFilter(ApplicationFilterChain.java:149)
	at org.springframework.web.filter.FormContentFilter.doFilterInternal(FormContentFilter.java:93)
	at org.springframework.web.filter.OncePerRequestFilter.doFilter(OncePerRequestFilter.java:116)
	at org.apache.catalina.core.ApplicationFilterChain.internalDoFilter(ApplicationFilterChain.java:174)
	at org.apache.catalina.core.ApplicationFilterChain.doFilter(ApplicationFilterChain.java:149)
	at org.springframework.web.filter.CharacterEncodingFilter.doFilterInternal(CharacterEncodingFilter.java:201)
	at org.springframework.web.filter.OncePerRequestFilter.doFilter(OncePerRequestFilter.java:116)
	at org.apache.catalina.core.ApplicationFilterChain.internalDoFilter(ApplicationFilterChain.java:174)
	at org.apache.catalina.core.ApplicationFilterChain.doFilter(ApplicationFilterChain.java:149)
	at org.apache.catalina.core.StandardWrapperValve.invoke(StandardWrapperValve.java:167)
	at org.apache.catalina.core.StandardContextValve.invoke(StandardContextValve.java:90)
	at org.apache.catalina.authenticator.AuthenticatorBase.invoke(AuthenticatorBase.java:482)
	at org.apache.catalina.core.StandardHostValve.invoke(StandardHostValve.java:115)
	at org.apache.catalina.valves.ErrorReportValve.invoke(ErrorReportValve.java:93)
	at org.apache.catalina.core.StandardEngineValve.invoke(StandardEngineValve.java:74)
	at org.apache.catalina.connector.CoyoteAdapter.service(CoyoteAdapter.java:340)
	at org.apache.coyote.http11.Http11Processor.service(Http11Processor.java:391)
	at org.apache.coyote.AbstractProcessorLight.process(AbstractProcessorLight.java:63)
	at org.apache.coyote.AbstractProtocol$ConnectionHandler.process(AbstractProtocol.java:896)
	at org.apache.tomcat.util.net.NioEndpoint$SocketProcessor.doRun(NioEndpoint.java:1744)
	at org.apache.tomcat.util.net.SocketProcessorBase.run(SocketProcessorBase.java:52)
	at org.apache.tomcat.util.threads.ThreadPoolExecutor.runWorker(ThreadPoolExecutor.java:1191)
	at org.apache.tomcat.util.threads.ThreadPoolExecutor$Worker.run(ThreadPoolExecutor.java:659)
	at org.apache.tomcat.util.threads.TaskThread$WrappingRunnable.run(TaskThread.java:61)
	at java.base/java.lang.Thread.run(Thread.java:1447)
2025-11-17 12:42:30 [http-nio-8080-exec-5] ERROR o.a.c.c.C.[.[.[.[dispatcherServlet] - Servlet.service() for servlet [dispatcherServlet] in context with path [] threw exception [Request processing failed: java.lang.IllegalArgumentException: When allowCredentials is true, allowedOrigins cannot contain the special value "*" since that cannot be set on the "Access-Control-Allow-Origin" response header. To allow credentials to a set of origins, list them explicitly or consider using "allowedOriginPatterns" instead.] with root cause
java.lang.IllegalArgumentException: When allowCredentials is true, allowedOrigins cannot contain the special value "*" since that cannot be set on the "Access-Control-Allow-Origin" response header. To allow credentials to a set of origins, list them explicitly or consider using "allowedOriginPatterns" instead.
	at org.springframework.web.cors.CorsConfiguration.validateAllowCredentials(CorsConfiguration.java:538)
	at org.springframework.web.servlet.handler.AbstractHandlerMapping.getHandler(AbstractHandlerMapping.java:542)
	at org.springframework.web.servlet.DispatcherServlet.getHandler(DispatcherServlet.java:1283)
	at org.springframework.web.servlet.DispatcherServlet.doDispatch(DispatcherServlet.java:1065)
	at org.springframework.web.servlet.DispatcherServlet.doService(DispatcherServlet.java:979)
	at org.springframework.web.servlet.FrameworkServlet.processRequest(FrameworkServlet.java:1014)
	at org.springframework.web.servlet.FrameworkServlet.doOptions(FrameworkServlet.java:950)
	at jakarta.servlet.http.HttpServlet.service(HttpServlet.java:599)
	at org.springframework.web.servlet.FrameworkServlet.service(FrameworkServlet.java:885)
	at jakarta.servlet.http.HttpServlet.service(HttpServlet.java:658)
	at org.apache.catalina.core.ApplicationFilterChain.internalDoFilter(ApplicationFilterChain.java:205)
	at org.apache.catalina.core.ApplicationFilterChain.doFilter(ApplicationFilterChain.java:149)
	at org.apache.tomcat.websocket.server.WsFilter.doFilter(WsFilter.java:51)
	at org.apache.catalina.core.ApplicationFilterChain.internalDoFilter(ApplicationFilterChain.java:174)
	at org.apache.catalina.core.ApplicationFilterChain.doFilter(ApplicationFilterChain.java:149)
	at org.springframework.web.filter.RequestContextFilter.doFilterInternal(RequestContextFilter.java:100)
	at org.springframework.web.filter.OncePerRequestFilter.doFilter(OncePerRequestFilter.java:116)
	at org.apache.catalina.core.ApplicationFilterChain.internalDoFilter(ApplicationFilterChain.java:174)
	at org.apache.catalina.core.ApplicationFilterChain.doFilter(ApplicationFilterChain.java:149)
	at org.springframework.web.filter.FormContentFilter.doFilterInternal(FormContentFilter.java:93)
	at org.springframework.web.filter.OncePerRequestFilter.doFilter(OncePerRequestFilter.java:116)
	at org.apache.catalina.core.ApplicationFilterChain.internalDoFilter(ApplicationFilterChain.java:174)
	at org.apache.catalina.core.ApplicationFilterChain.doFilter(ApplicationFilterChain.java:149)
	at org.springframework.web.filter.CharacterEncodingFilter.doFilterInternal(CharacterEncodingFilter.java:201)
	at org.springframework.web.filter.OncePerRequestFilter.doFilter(OncePerRequestFilter.java:116)
	at org.apache.catalina.core.ApplicationFilterChain.internalDoFilter(ApplicationFilterChain.java:174)
	at org.apache.catalina.core.ApplicationFilterChain.doFilter(ApplicationFilterChain.java:149)
	at org.apache.catalina.core.StandardWrapperValve.invoke(StandardWrapperValve.java:167)
	at org.apache.catalina.core.StandardContextValve.invoke(StandardContextValve.java:90)
	at org.apache.catalina.authenticator.AuthenticatorBase.invoke(AuthenticatorBase.java:482)
	at org.apache.catalina.core.StandardHostValve.invoke(StandardHostValve.java:115)
	at org.apache.catalina.valves.ErrorReportValve.invoke(ErrorReportValve.java:93)
	at org.apache.catalina.core.StandardEngineValve.invoke(StandardEngineValve.java:74)
	at org.apache.catalina.connector.CoyoteAdapter.service(CoyoteAdapter.java:340)
	at org.apache.coyote.http11.Http11Processor.service(Http11Processor.java:391)
	at org.apache.coyote.AbstractProcessorLight.process(AbstractProcessorLight.java:63)
	at org.apache.coyote.AbstractProtocol$ConnectionHandler.process(AbstractProtocol.java:896)
	at org.apache.tomcat.util.net.NioEndpoint$SocketProcessor.doRun(NioEndpoint.java:1744)
	at org.apache.tomcat.util.net.SocketProcessorBase.run(SocketProcessorBase.java:52)
	at org.apache.tomcat.util.threads.ThreadPoolExecutor.runWorker(ThreadPoolExecutor.java:1191)
	at org.apache.tomcat.util.threads.ThreadPoolExecutor$Worker.run(ThreadPoolExecutor.java:659)
	at org.apache.tomcat.util.threads.TaskThread$WrappingRunnable.run(TaskThread.java:61)
	at java.base/java.lang.Thread.run(Thread.java:1447)
2025-11-17 12:43:25 [main] INFO  c.pokeapi.backend.PokeApiApplication - Starting PokeApiApplication using Java 24.0.1 with PID 41887 (/Users/ryankim/PokeAPI/PokeAPI/backend/target/classes started by ryankim in /Users/ryankim/PokeAPI/PokeAPI/backend)
2025-11-17 12:43:25 [main] DEBUG c.pokeapi.backend.PokeApiApplication - Running with Spring Boot v3.2.0, Spring v6.1.1
2025-11-17 12:43:25 [main] INFO  c.pokeapi.backend.PokeApiApplication - No active profile set, falling back to 1 default profile: "default"
2025-11-17 12:43:25 [main] WARN  o.m.s.mapper.ClassPathMapperScanner - No MyBatis mapper was found in '[com.pokeapi.backend]' package. Please check your configuration.
2025-11-17 12:43:26 [main] INFO  o.a.catalina.core.StandardService - Starting service [Tomcat]
2025-11-17 12:43:26 [main] INFO  o.a.catalina.core.StandardEngine - Starting Servlet engine: [Apache Tomcat/10.1.16]
2025-11-17 12:43:26 [main] INFO  o.a.c.c.C.[Tomcat].[localhost].[/] - Initializing Spring embedded WebApplicationContext
2025-11-17 12:43:26 [main] INFO  o.h.jpa.internal.util.LogHelper - HHH000204: Processing PersistenceUnitInfo [name: default]
2025-11-17 12:43:26 [main] INFO  org.hibernate.Version - HHH000412: Hibernate ORM core version 6.3.1.Final
2025-11-17 12:43:26 [main] INFO  o.h.c.i.RegionFactoryInitiator - HHH000026: Second-level cache disabled
2025-11-17 12:43:26 [main] INFO  com.zaxxer.hikari.HikariDataSource - HikariPool-1 - Starting...
2025-11-17 12:43:26 [main] INFO  com.zaxxer.hikari.pool.HikariPool - HikariPool-1 - Added connection org.postgresql.jdbc.PgConnection@50a7c72b
2025-11-17 12:43:26 [main] INFO  com.zaxxer.hikari.HikariDataSource - HikariPool-1 - Start completed.
2025-11-17 12:43:26 [main] WARN  org.hibernate.orm.deprecation - HHH90000025: PostgreSQLDialect does not need to be specified explicitly using 'hibernate.dialect' (remove the property setting and it will be selected by default)
2025-11-17 12:43:26 [main] INFO  o.h.e.t.j.p.i.JtaPlatformInitiator - HHH000489: No JTA platform available (set 'hibernate.transaction.jta.platform' to enable JTA platform integration)
2025-11-17 12:43:27 [main] INFO  c.p.backend.service.PokemonService - 이미 포켓몬 데이터가 초기화되어 있습니다. 스킵합니다.
2025-11-17 12:43:27 [main] WARN  o.s.b.a.o.j.JpaBaseConfiguration$JpaWebConfiguration - spring.jpa.open-in-view is enabled by default. Therefore, database queries may be performed during view rendering. Explicitly configure spring.jpa.open-in-view to disable this warning
2025-11-17 12:43:27 [main] INFO  c.pokeapi.backend.PokeApiApplication - Started PokeApiApplication in 2.35 seconds (process running for 2.486)
2025-11-17 12:43:36 [http-nio-8080-exec-1] INFO  o.a.c.c.C.[Tomcat].[localhost].[/] - Initializing Spring DispatcherServlet 'dispatcherServlet'
2025-11-17 12:47:14 [http-nio-8080-exec-7] WARN  o.s.w.s.m.s.DefaultHandlerExceptionResolver - Resolved [org.springframework.http.converter.HttpMessageNotReadableException: JSON parse error: Cannot deserialize value of type `java.time.LocalDateTime` from String "2025-11-17T03:47:14.859Z": Failed to deserialize java.time.LocalDateTime: (java.time.format.DateTimeParseException) Text '2025-11-17T03:47:14.859Z' could not be parsed at index 10]
2025-11-17 12:49:21 [main] INFO  c.pokeapi.backend.PokeApiApplication - Starting PokeApiApplication using Java 24.0.1 with PID 44205 (/Users/ryankim/PokeAPI/PokeAPI/backend/target/classes started by ryankim in /Users/ryankim/PokeAPI/PokeAPI/backend)
2025-11-17 12:49:21 [main] DEBUG c.pokeapi.backend.PokeApiApplication - Running with Spring Boot v3.2.0, Spring v6.1.1
2025-11-17 12:49:21 [main] INFO  c.pokeapi.backend.PokeApiApplication - No active profile set, falling back to 1 default profile: "default"
2025-11-17 12:49:22 [main] WARN  o.m.s.mapper.ClassPathMapperScanner - No MyBatis mapper was found in '[com.pokeapi.backend]' package. Please check your configuration.
2025-11-17 12:49:22 [main] INFO  o.a.catalina.core.StandardService - Starting service [Tomcat]
2025-11-17 12:49:22 [main] INFO  o.a.catalina.core.StandardEngine - Starting Servlet engine: [Apache Tomcat/10.1.16]
2025-11-17 12:49:22 [main] INFO  o.a.c.c.C.[Tomcat].[localhost].[/] - Initializing Spring embedded WebApplicationContext
2025-11-17 12:49:22 [main] INFO  o.h.jpa.internal.util.LogHelper - HHH000204: Processing PersistenceUnitInfo [name: default]
2025-11-17 12:49:22 [main] INFO  org.hibernate.Version - HHH000412: Hibernate ORM core version 6.3.1.Final
2025-11-17 12:49:22 [main] INFO  o.h.c.i.RegionFactoryInitiator - HHH000026: Second-level cache disabled
2025-11-17 12:49:22 [main] INFO  com.zaxxer.hikari.HikariDataSource - HikariPool-1 - Starting...
2025-11-17 12:49:22 [main] INFO  com.zaxxer.hikari.pool.HikariPool - HikariPool-1 - Added connection org.postgresql.jdbc.PgConnection@50a7c72b
2025-11-17 12:49:22 [main] INFO  com.zaxxer.hikari.HikariDataSource - HikariPool-1 - Start completed.
2025-11-17 12:49:22 [main] WARN  org.hibernate.orm.deprecation - HHH90000025: PostgreSQLDialect does not need to be specified explicitly using 'hibernate.dialect' (remove the property setting and it will be selected by default)
2025-11-17 12:49:22 [main] INFO  o.h.e.t.j.p.i.JtaPlatformInitiator - HHH000489: No JTA platform available (set 'hibernate.transaction.jta.platform' to enable JTA platform integration)
2025-11-17 12:49:23 [main] INFO  c.p.backend.service.PokemonService - 이미 포켓몬 데이터가 초기화되어 있습니다. 스킵합니다.
2025-11-17 12:49:23 [main] WARN  o.s.b.a.o.j.JpaBaseConfiguration$JpaWebConfiguration - spring.jpa.open-in-view is enabled by default. Therefore, database queries may be performed during view rendering. Explicitly configure spring.jpa.open-in-view to disable this warning
2025-11-17 12:49:23 [main] INFO  c.pokeapi.backend.PokeApiApplication - Started PokeApiApplication in 2.381 seconds (process running for 2.521)
2025-11-17 12:49:32 [http-nio-8080-exec-1] INFO  o.a.c.c.C.[Tomcat].[localhost].[/] - Initializing Spring DispatcherServlet 'dispatcherServlet'
2025-11-17 12:50:52 [http-nio-8080-exec-5] INFO  c.p.b.controller.PokemonController - 진화체인 검색 요청: 꼬부
2025-11-17 12:50:52 [http-nio-8080-exec-5] INFO  c.p.backend.service.PokemonService - 진화체인 검색 시작: 꼬부
2025-11-17 12:50:52 [http-nio-8080-exec-5] INFO  c.p.backend.service.PokemonService - 한글 이름 검색 결과: 1개
2025-11-17 12:50:54 [http-nio-8080-exec-5] DEBUG c.p.backend.service.PokemonService - 진화체인 확인: squirtle (ID: 3)
2025-11-17 12:50:54 [http-nio-8080-exec-5] INFO  c.p.backend.service.PokemonService - 진화체인 검색 완료: 1개 결과
2025-11-17 12:50:54 [http-nio-8080-exec-5] INFO  c.p.b.controller.PokemonController - 진화체인 검색 성공: 1개 결과
2025-11-17 12:50:56 [http-nio-8080-exec-4] INFO  c.p.b.controller.PokemonController - 포켓몬 진화체인 검색 시작: squirtle (원본: squirtle)
2025-11-17 12:50:56 [http-nio-8080-exec-4] INFO  c.p.backend.service.PokemonService - DB 캐시에 없어서 외부 API로 한글 이름 변환 시작: squirtle
2025-11-17 12:50:56 [http-nio-8080-exec-4] WARN  c.p.backend.service.PokemonService - 한글 이름 변환 실패, 원본 반환: squirtle
2025-11-17 12:50:56 [http-nio-8080-exec-4] INFO  c.p.backend.service.PokemonService - DB에서 못 찾아서 변환 시도: 'squirtle' -> 'squirtle'
2025-11-17 12:50:57 [http-nio-8080-exec-4] INFO  c.p.backend.service.PokemonService - 진화체인 API 호출 시작: squirtle (ID: 3)
2025-11-17 12:50:57 [http-nio-8080-exec-4] INFO  c.p.backend.service.PokemonService - 진화체인 API 응답 파싱 성공: ID 3
2025-11-17 12:50:57 [http-nio-8080-exec-4] INFO  c.p.backend.service.PokemonService - 진화체인 조회 성공 : squirtle (ID: 3)
2025-11-17 12:50:57 [http-nio-8080-exec-4] INFO  c.p.b.controller.PokemonController - 포켓몬 진화 체인 검색 성공: squirtle
2025-11-17 12:50:57 [http-nio-8080-exec-7] INFO  c.p.b.controller.PokemonController - 포켓몬 검색 요청: blastoise (원본: blastoise)
2025-11-17 12:50:57 [http-nio-8080-exec-8] INFO  c.p.b.controller.PokemonController - 포켓몬 검색 요청: wartortle (원본: wartortle)
2025-11-17 12:50:57 [http-nio-8080-exec-9] INFO  c.p.b.controller.PokemonController - 포켓몬 검색 요청: squirtle (원본: squirtle)
2025-11-17 12:50:57 [http-nio-8080-exec-9] INFO  c.p.b.controller.PokemonController - 포켓몬 검색 성공: squirtle
2025-11-17 12:50:57 [http-nio-8080-exec-7] INFO  c.p.b.controller.PokemonController - 포켓몬 검색 성공: blastoise
2025-11-17 12:50:57 [http-nio-8080-exec-8] INFO  c.p.b.controller.PokemonController - 포켓몬 검색 성공: wartortle
2025-11-17 12:50:57 [http-nio-8080-exec-10] INFO  c.p.b.controller.PokemonController - 포켓몬 검색 요청: squirtle (원본: squirtle)
2025-11-17 12:50:57 [http-nio-8080-exec-1] INFO  c.p.b.controller.PokemonController - 포켓몬 검색 요청: wartortle (원본: wartortle)
2025-11-17 12:50:57 [http-nio-8080-exec-3] INFO  c.p.b.controller.PokemonController - 포켓몬 검색 요청: blastoise (원본: blastoise)
2025-11-17 12:50:57 [http-nio-8080-exec-10] INFO  c.p.b.controller.PokemonController - 포켓몬 검색 성공: squirtle
2025-11-17 12:50:57 [http-nio-8080-exec-1] INFO  c.p.b.controller.PokemonController - 포켓몬 검색 성공: wartortle
2025-11-17 12:50:57 [http-nio-8080-exec-3] INFO  c.p.b.controller.PokemonController - 포켓몬 검색 성공: blastoise
2025-11-17 12:51:04 [http-nio-8080-exec-9] INFO  c.p.b.controller.PokemonController - 페이징 포켓몬 목록 조회 요청: page=0, size=50, generation=0
2025-11-17 12:51:04 [http-nio-8080-exec-9] INFO  c.p.backend.service.PokemonService - 전체 포켓몬 조회: 총 1302마리
2025-11-17 12:51:04 [http-nio-8080-exec-9] INFO  c.p.backend.service.PokemonService - 페이징 포켓몬 조회 완료: 세대=0, 페이지=0, 크기=50, 총=1302개
2025-11-17 12:51:04 [http-nio-8080-exec-9] INFO  c.p.b.controller.PokemonController - 페이징 포켓몬 목록 조회 성공
2025-11-17 12:51:04 [http-nio-8080-exec-7] INFO  c.p.b.controller.PokemonController - 페이징 포켓몬 목록 조회 요청: page=0, size=50, generation=0
2025-11-17 12:51:04 [http-nio-8080-exec-7] INFO  c.p.backend.service.PokemonService - 전체 포켓몬 조회: 총 1302마리
2025-11-17 12:51:04 [http-nio-8080-exec-7] INFO  c.p.backend.service.PokemonService - 페이징 포켓몬 조회 완료: 세대=0, 페이지=0, 크기=50, 총=1302개
2025-11-17 12:51:04 [http-nio-8080-exec-7] INFO  c.p.b.controller.PokemonController - 페이징 포켓몬 목록 조회 성공
2025-11-17 12:51:04 [http-nio-8080-exec-8] INFO  c.p.b.controller.PokemonController - 페이징 포켓몬 목록 조회 요청: page=0, size=50, generation=0
2025-11-17 12:51:04 [http-nio-8080-exec-8] INFO  c.p.backend.service.PokemonService - 전체 포켓몬 조회: 총 1302마리
2025-11-17 12:51:04 [http-nio-8080-exec-8] INFO  c.p.backend.service.PokemonService - 페이징 포켓몬 조회 완료: 세대=0, 페이지=0, 크기=50, 총=1302개
2025-11-17 12:51:04 [http-nio-8080-exec-8] INFO  c.p.b.controller.PokemonController - 페이징 포켓몬 목록 조회 성공
2025-11-17 12:51:04 [http-nio-8080-exec-10] INFO  c.p.b.controller.PokemonController - 페이징 포켓몬 목록 조회 요청: page=0, size=50, generation=0
2025-11-17 12:51:04 [http-nio-8080-exec-10] INFO  c.p.backend.service.PokemonService - 전체 포켓몬 조회: 총 1302마리
2025-11-17 12:51:04 [http-nio-8080-exec-10] INFO  c.p.backend.service.PokemonService - 페이징 포켓몬 조회 완료: 세대=0, 페이지=0, 크기=50, 총=1302개
2025-11-17 12:51:04 [http-nio-8080-exec-10] INFO  c.p.b.controller.PokemonController - 페이징 포켓몬 목록 조회 성공
2025-11-17 12:51:14 [http-nio-8080-exec-5] INFO  c.p.b.controller.PokemonController - 페이징 포켓몬 목록 조회 요청: page=0, size=50, generation=1
2025-11-17 12:51:14 [http-nio-8080-exec-5] INFO  c.p.backend.service.PokemonService - 페이징 포켓몬 조회 완료: 세대=1, 페이지=0, 크기=50, 총=151개
2025-11-17 12:51:14 [http-nio-8080-exec-5] INFO  c.p.b.controller.PokemonController - 페이징 포켓몬 목록 조회 성공
2025-11-17 12:51:15 [http-nio-8080-exec-2] INFO  c.p.b.controller.PokemonController - 페이징 포켓몬 목록 조회 요청: page=0, size=50, generation=2
2025-11-17 12:51:15 [http-nio-8080-exec-2] INFO  c.p.backend.service.PokemonService - 페이징 포켓몬 조회 완료: 세대=2, 페이지=0, 크기=50, 총=100개
2025-11-17 12:51:15 [http-nio-8080-exec-2] INFO  c.p.b.controller.PokemonController - 페이징 포켓몬 목록 조회 성공
2025-11-17 12:51:16 [http-nio-8080-exec-4] INFO  c.p.b.controller.PokemonController - 페이징 포켓몬 목록 조회 요청: page=0, size=50, generation=3
2025-11-17 12:51:16 [http-nio-8080-exec-4] INFO  c.p.backend.service.PokemonService - 페이징 포켓몬 조회 완료: 세대=3, 페이지=0, 크기=50, 총=135개
2025-11-17 12:51:16 [http-nio-8080-exec-4] INFO  c.p.b.controller.PokemonController - 페이징 포켓몬 목록 조회 성공
2025-11-17 12:51:19 [http-nio-8080-exec-9] INFO  c.p.b.controller.PokemonController - 페이징 포켓몬 목록 조회 요청: page=0, size=50, generation=10
2025-11-17 12:51:19 [http-nio-8080-exec-9] INFO  c.p.backend.service.PokemonService - 페이징 포켓몬 조회 완료: 세대=10, 페이지=0, 크기=50, 총=25개
2025-11-17 12:51:19 [http-nio-8080-exec-9] INFO  c.p.b.controller.PokemonController - 페이징 포켓몬 목록 조회 성공
2025-11-17 12:51:20 [http-nio-8080-exec-7] INFO  c.p.b.controller.PokemonController - 페이징 포켓몬 목록 조회 요청: page=0, size=50, generation=5
2025-11-17 12:51:20 [http-nio-8080-exec-7] INFO  c.p.backend.service.PokemonService - 페이징 포켓몬 조회 완료: 세대=5, 페이지=0, 크기=50, 총=156개
2025-11-17 12:51:20 [http-nio-8080-exec-7] INFO  c.p.b.controller.PokemonController - 페이징 포켓몬 목록 조회 성공
2025-11-17 12:51:21 [http-nio-8080-exec-10] INFO  c.p.b.controller.PokemonController - 페이징 포켓몬 목록 조회 요청: page=0, size=50, generation=4
2025-11-17 12:51:21 [http-nio-8080-exec-10] INFO  c.p.backend.service.PokemonService - 페이징 포켓몬 조회 완료: 세대=4, 페이지=0, 크기=50, 총=107개
2025-11-17 12:51:21 [http-nio-8080-exec-10] INFO  c.p.b.controller.PokemonController - 페이징 포켓몬 목록 조회 성공
2025-11-17 12:51:26 [http-nio-8080-exec-3] WARN  c.p.b.controller.PokemonController - 잘못된 포켓몬 이름 형식: 기라티나(어나더폼)
2025-11-17 12:51:26 [http-nio-8080-exec-5] WARN  c.p.b.controller.PokemonController - 잘못된 포켓몬 이름 형식: 기라티나(어나더폼)
2025-11-17 12:51:35 [http-nio-8080-exec-2] INFO  c.p.b.controller.PokemonController - 페이징 포켓몬 목록 조회 요청: page=0, size=50, generation=0
2025-11-17 12:51:35 [http-nio-8080-exec-2] INFO  c.p.backend.service.PokemonService - 전체 포켓몬 조회: 총 1302마리
2025-11-17 12:51:35 [http-nio-8080-exec-2] INFO  c.p.backend.service.PokemonService - 페이징 포켓몬 조회 완료: 세대=0, 페이지=0, 크기=50, 총=1302개
2025-11-17 12:51:35 [http-nio-8080-exec-2] INFO  c.p.b.controller.PokemonController - 페이징 포켓몬 목록 조회 성공
2025-11-17 12:51:35 [http-nio-8080-exec-6] INFO  c.p.b.controller.PokemonController - 페이징 포켓몬 목록 조회 요청: page=0, size=50, generation=0
2025-11-17 12:51:35 [http-nio-8080-exec-6] INFO  c.p.backend.service.PokemonService - 전체 포켓몬 조회: 총 1302마리
2025-11-17 12:51:35 [http-nio-8080-exec-6] INFO  c.p.backend.service.PokemonService - 페이징 포켓몬 조회 완료: 세대=0, 페이지=0, 크기=50, 총=1302개
2025-11-17 12:51:35 [http-nio-8080-exec-6] INFO  c.p.b.controller.PokemonController - 페이징 포켓몬 목록 조회 성공
2025-11-17 12:51:35 [http-nio-8080-exec-4] INFO  c.p.b.controller.PokemonController - 페이징 포켓몬 목록 조회 요청: page=0, size=50, generation=0
2025-11-17 12:51:35 [http-nio-8080-exec-4] INFO  c.p.backend.service.PokemonService - 전체 포켓몬 조회: 총 1302마리
2025-11-17 12:51:35 [http-nio-8080-exec-4] INFO  c.p.backend.service.PokemonService - 페이징 포켓몬 조회 완료: 세대=0, 페이지=0, 크기=50, 총=1302개
2025-11-17 12:51:35 [http-nio-8080-exec-4] INFO  c.p.b.controller.PokemonController - 페이징 포켓몬 목록 조회 성공
2025-11-17 12:51:35 [http-nio-8080-exec-9] INFO  c.p.b.controller.PokemonController - 페이징 포켓몬 목록 조회 요청: page=0, size=50, generation=0
2025-11-17 12:51:35 [http-nio-8080-exec-9] INFO  c.p.backend.service.PokemonService - 전체 포켓몬 조회: 총 1302마리
2025-11-17 12:51:35 [http-nio-8080-exec-9] INFO  c.p.backend.service.PokemonService - 페이징 포켓몬 조회 완료: 세대=0, 페이지=0, 크기=50, 총=1302개
2025-11-17 12:51:35 [http-nio-8080-exec-9] INFO  c.p.b.controller.PokemonController - 페이징 포켓몬 목록 조회 성공
2025-11-17 12:51:41 [http-nio-8080-exec-10] INFO  c.p.b.controller.PokemonController - 페이징 포켓몬 목록 조회 요청: page=0, size=50, generation=5
2025-11-17 12:51:41 [http-nio-8080-exec-10] INFO  c.p.backend.service.PokemonService - 페이징 포켓몬 조회 완료: 세대=5, 페이지=0, 크기=50, 총=156개
2025-11-17 12:51:41 [http-nio-8080-exec-10] INFO  c.p.b.controller.PokemonController - 페이징 포켓몬 목록 조회 성공
2025-11-17 12:51:46 [http-nio-8080-exec-3] INFO  c.p.b.controller.PokemonController - 포켓몬 검색 요청: 드레디어 (원본: 드레디어)
2025-11-17 12:51:46 [http-nio-8080-exec-3] INFO  c.p.b.controller.PokemonController - 포켓몬 검색 성공: 드레디어
2025-11-17 12:51:46 [http-nio-8080-exec-5] INFO  c.p.b.controller.PokemonController - 포켓몬 검색 요청: 드레디어 (원본: 드레디어)
2025-11-17 12:51:46 [http-nio-8080-exec-5] INFO  c.p.b.controller.PokemonController - 포켓몬 검색 성공: 드레디어
2025-11-17 12:51:50 [http-nio-8080-exec-2] INFO  c.p.b.controller.PokemonController - 페이징 포켓몬 목록 조회 요청: page=0, size=50, generation=0
2025-11-17 12:51:50 [http-nio-8080-exec-2] INFO  c.p.backend.service.PokemonService - 전체 포켓몬 조회: 총 1302마리
2025-11-17 12:51:50 [http-nio-8080-exec-2] INFO  c.p.backend.service.PokemonService - 페이징 포켓몬 조회 완료: 세대=0, 페이지=0, 크기=50, 총=1302개
2025-11-17 12:51:50 [http-nio-8080-exec-2] INFO  c.p.b.controller.PokemonController - 페이징 포켓몬 목록 조회 성공
2025-11-17 12:51:50 [http-nio-8080-exec-6] INFO  c.p.b.controller.PokemonController - 페이징 포켓몬 목록 조회 요청: page=0, size=50, generation=0
2025-11-17 12:51:50 [http-nio-8080-exec-6] INFO  c.p.backend.service.PokemonService - 전체 포켓몬 조회: 총 1302마리
2025-11-17 12:51:50 [http-nio-8080-exec-6] INFO  c.p.backend.service.PokemonService - 페이징 포켓몬 조회 완료: 세대=0, 페이지=0, 크기=50, 총=1302개
2025-11-17 12:51:50 [http-nio-8080-exec-6] INFO  c.p.b.controller.PokemonController - 페이징 포켓몬 목록 조회 성공
2025-11-17 12:51:50 [http-nio-8080-exec-4] INFO  c.p.b.controller.PokemonController - 페이징 포켓몬 목록 조회 요청: page=0, size=50, generation=0
2025-11-17 12:51:50 [http-nio-8080-exec-4] INFO  c.p.backend.service.PokemonService - 전체 포켓몬 조회: 총 1302마리
2025-11-17 12:51:50 [http-nio-8080-exec-4] INFO  c.p.backend.service.PokemonService - 페이징 포켓몬 조회 완료: 세대=0, 페이지=0, 크기=50, 총=1302개
2025-11-17 12:51:50 [http-nio-8080-exec-4] INFO  c.p.b.controller.PokemonController - 페이징 포켓몬 목록 조회 성공
2025-11-17 12:51:50 [http-nio-8080-exec-9] INFO  c.p.b.controller.PokemonController - 페이징 포켓몬 목록 조회 요청: page=0, size=50, generation=0
2025-11-17 12:51:50 [http-nio-8080-exec-9] INFO  c.p.backend.service.PokemonService - 전체 포켓몬 조회: 총 1302마리
2025-11-17 12:51:50 [http-nio-8080-exec-9] INFO  c.p.backend.service.PokemonService - 페이징 포켓몬 조회 완료: 세대=0, 페이지=0, 크기=50, 총=1302개
2025-11-17 12:51:50 [http-nio-8080-exec-9] INFO  c.p.b.controller.PokemonController - 페이징 포켓몬 목록 조회 성공
2025-11-17 12:51:52 [http-nio-8080-exec-10] INFO  c.p.b.controller.PokemonController - 포켓몬 검색 요청: 조타구 (원본: 조타구)
2025-11-17 12:51:52 [http-nio-8080-exec-10] INFO  c.p.b.controller.PokemonController - 포켓몬 검색 성공: 조타구
2025-11-17 12:51:52 [http-nio-8080-exec-1] INFO  c.p.b.controller.PokemonController - 포켓몬 검색 요청: 조타구 (원본: 조타구)
2025-11-17 12:51:52 [http-nio-8080-exec-1] INFO  c.p.b.controller.PokemonController - 포켓몬 검색 성공: 조타구
2025-11-17 12:51:54 [http-nio-8080-exec-3] INFO  c.p.b.controller.PokemonController - 페이징 포켓몬 목록 조회 요청: page=0, size=50, generation=0
2025-11-17 12:51:54 [http-nio-8080-exec-3] INFO  c.p.backend.service.PokemonService - 전체 포켓몬 조회: 총 1302마리
2025-11-17 12:51:54 [http-nio-8080-exec-3] INFO  c.p.backend.service.PokemonService - 페이징 포켓몬 조회 완료: 세대=0, 페이지=0, 크기=50, 총=1302개
2025-11-17 12:51:54 [http-nio-8080-exec-3] INFO  c.p.b.controller.PokemonController - 페이징 포켓몬 목록 조회 성공
2025-11-17 12:51:54 [http-nio-8080-exec-5] INFO  c.p.b.controller.PokemonController - 페이징 포켓몬 목록 조회 요청: page=0, size=50, generation=0
2025-11-17 12:51:54 [http-nio-8080-exec-5] INFO  c.p.backend.service.PokemonService - 전체 포켓몬 조회: 총 1302마리
2025-11-17 12:51:54 [http-nio-8080-exec-5] INFO  c.p.backend.service.PokemonService - 페이징 포켓몬 조회 완료: 세대=0, 페이지=0, 크기=50, 총=1302개
2025-11-17 12:51:54 [http-nio-8080-exec-5] INFO  c.p.b.controller.PokemonController - 페이징 포켓몬 목록 조회 성공
2025-11-17 12:51:54 [http-nio-8080-exec-2] INFO  c.p.b.controller.PokemonController - 페이징 포켓몬 목록 조회 요청: page=0, size=50, generation=0
2025-11-17 12:51:54 [http-nio-8080-exec-2] INFO  c.p.backend.service.PokemonService - 전체 포켓몬 조회: 총 1302마리
2025-11-17 12:51:54 [http-nio-8080-exec-2] INFO  c.p.backend.service.PokemonService - 페이징 포켓몬 조회 완료: 세대=0, 페이지=0, 크기=50, 총=1302개
2025-11-17 12:51:54 [http-nio-8080-exec-2] INFO  c.p.b.controller.PokemonController - 페이징 포켓몬 목록 조회 성공
2025-11-17 12:51:54 [http-nio-8080-exec-6] INFO  c.p.b.controller.PokemonController - 페이징 포켓몬 목록 조회 요청: page=0, size=50, generation=0
2025-11-17 12:51:54 [http-nio-8080-exec-6] INFO  c.p.backend.service.PokemonService - 전체 포켓몬 조회: 총 1302마리
2025-11-17 12:51:54 [http-nio-8080-exec-6] INFO  c.p.backend.service.PokemonService - 페이징 포켓몬 조회 완료: 세대=0, 페이지=0, 크기=50, 총=1302개
2025-11-17 12:51:54 [http-nio-8080-exec-6] INFO  c.p.b.controller.PokemonController - 페이징 포켓몬 목록 조회 성공
2025-11-17 12:51:55 [http-nio-8080-exec-8] INFO  c.p.b.controller.PokemonController - 페이징 포켓몬 목록 조회 요청: page=0, size=50, generation=4
2025-11-17 12:51:55 [http-nio-8080-exec-8] INFO  c.p.backend.service.PokemonService - 페이징 포켓몬 조회 완료: 세대=4, 페이지=0, 크기=50, 총=107개
2025-11-17 12:51:55 [http-nio-8080-exec-8] INFO  c.p.b.controller.PokemonController - 페이징 포켓몬 목록 조회 성공
2025-11-17 12:51:57 [http-nio-8080-exec-7] WARN  c.p.b.controller.PokemonController - 잘못된 포켓몬 이름 형식: 도롱충이(풀망토)
2025-11-17 12:51:57 [http-nio-8080-exec-10] WARN  c.p.b.controller.PokemonController - 잘못된 포켓몬 이름 형식: 도롱충이(풀망토)
2025-11-17 12:51:59 [http-nio-8080-exec-1] WARN  c.p.b.controller.PokemonController - 잘못된 포켓몬 이름 형식: 도롱충이(풀망토)
2025-11-17 12:51:59 [http-nio-8080-exec-3] WARN  c.p.b.controller.PokemonController - 잘못된 포켓몬 이름 형식: 도롱충이(풀망토)
2025-11-17 12:52:00 [http-nio-8080-exec-5] INFO  c.p.b.controller.PokemonController - 페이징 포켓몬 목록 조회 요청: page=0, size=50, generation=0
2025-11-17 12:52:00 [http-nio-8080-exec-5] INFO  c.p.backend.service.PokemonService - 전체 포켓몬 조회: 총 1302마리
2025-11-17 12:52:00 [http-nio-8080-exec-5] INFO  c.p.backend.service.PokemonService - 페이징 포켓몬 조회 완료: 세대=0, 페이지=0, 크기=50, 총=1302개
2025-11-17 12:52:00 [http-nio-8080-exec-5] INFO  c.p.b.controller.PokemonController - 페이징 포켓몬 목록 조회 성공
2025-11-17 12:52:00 [http-nio-8080-exec-5] INFO  c.p.b.controller.PokemonController - 페이징 포켓몬 목록 조회 요청: page=0, size=50, generation=0
2025-11-17 12:52:00 [http-nio-8080-exec-5] INFO  c.p.backend.service.PokemonService - 전체 포켓몬 조회: 총 1302마리
2025-11-17 12:52:00 [http-nio-8080-exec-5] INFO  c.p.backend.service.PokemonService - 페이징 포켓몬 조회 완료: 세대=0, 페이지=0, 크기=50, 총=1302개
2025-11-17 12:52:00 [http-nio-8080-exec-5] INFO  c.p.b.controller.PokemonController - 페이징 포켓몬 목록 조회 성공
2025-11-17 12:52:00 [http-nio-8080-exec-6] INFO  c.p.b.controller.PokemonController - 페이징 포켓몬 목록 조회 요청: page=0, size=50, generation=0
2025-11-17 12:52:00 [http-nio-8080-exec-6] INFO  c.p.backend.service.PokemonService - 전체 포켓몬 조회: 총 1302마리
2025-11-17 12:52:00 [http-nio-8080-exec-6] INFO  c.p.backend.service.PokemonService - 페이징 포켓몬 조회 완료: 세대=0, 페이지=0, 크기=50, 총=1302개
2025-11-17 12:52:00 [http-nio-8080-exec-6] INFO  c.p.b.controller.PokemonController - 페이징 포켓몬 목록 조회 성공
2025-11-17 12:52:00 [http-nio-8080-exec-4] INFO  c.p.b.controller.PokemonController - 페이징 포켓몬 목록 조회 요청: page=0, size=50, generation=0
2025-11-17 12:52:00 [http-nio-8080-exec-4] INFO  c.p.backend.service.PokemonService - 전체 포켓몬 조회: 총 1302마리
2025-11-17 12:52:00 [http-nio-8080-exec-4] INFO  c.p.backend.service.PokemonService - 페이징 포켓몬 조회 완료: 세대=0, 페이지=0, 크기=50, 총=1302개
2025-11-17 12:52:00 [http-nio-8080-exec-4] INFO  c.p.b.controller.PokemonController - 페이징 포켓몬 목록 조회 성공
2025-11-17 12:52:02 [http-nio-8080-exec-7] INFO  c.p.b.controller.PokemonController - 페이징 포켓몬 목록 조회 요청: page=0, size=50, generation=9
2025-11-17 12:52:02 [http-nio-8080-exec-7] INFO  c.p.backend.service.PokemonService - 페이징 포켓몬 조회 완료: 세대=9, 페이지=0, 크기=50, 총=112개
2025-11-17 12:52:02 [http-nio-8080-exec-7] INFO  c.p.b.controller.PokemonController - 페이징 포켓몬 목록 조회 성공
2025-11-17 12:52:03 [http-nio-8080-exec-10] WARN  c.p.b.controller.PokemonController - 잘못된 포켓몬 이름 형식: 돌핀맨(제로폼)
2025-11-17 12:52:03 [http-nio-8080-exec-1] WARN  c.p.b.controller.PokemonController - 잘못된 포켓몬 이름 형식: 돌핀맨(제로폼)
2025-11-17 12:52:04 [http-nio-8080-exec-3] WARN  c.p.b.controller.PokemonController - 잘못된 포켓몬 이름 형식: 돌핀맨(제로폼)
2025-11-17 12:52:04 [http-nio-8080-exec-2] WARN  c.p.b.controller.PokemonController - 잘못된 포켓몬 이름 형식: 돌핀맨(제로폼)
2025-11-17 12:52:06 [http-nio-8080-exec-5] INFO  c.p.b.controller.PokemonController - 페이징 포켓몬 목록 조회 요청: page=0, size=50, generation=0
2025-11-17 12:52:06 [http-nio-8080-exec-5] INFO  c.p.backend.service.PokemonService - 전체 포켓몬 조회: 총 1302마리
2025-11-17 12:52:06 [http-nio-8080-exec-5] INFO  c.p.backend.service.PokemonService - 페이징 포켓몬 조회 완료: 세대=0, 페이지=0, 크기=50, 총=1302개
2025-11-17 12:52:06 [http-nio-8080-exec-5] INFO  c.p.b.controller.PokemonController - 페이징 포켓몬 목록 조회 성공
2025-11-17 12:52:06 [http-nio-8080-exec-6] INFO  c.p.b.controller.PokemonController - 페이징 포켓몬 목록 조회 요청: page=0, size=50, generation=0
2025-11-17 12:52:06 [http-nio-8080-exec-6] INFO  c.p.backend.service.PokemonService - 전체 포켓몬 조회: 총 1302마리
2025-11-17 12:52:06 [http-nio-8080-exec-6] INFO  c.p.backend.service.PokemonService - 페이징 포켓몬 조회 완료: 세대=0, 페이지=0, 크기=50, 총=1302개
2025-11-17 12:52:06 [http-nio-8080-exec-6] INFO  c.p.b.controller.PokemonController - 페이징 포켓몬 목록 조회 성공
2025-11-17 12:52:06 [http-nio-8080-exec-4] INFO  c.p.b.controller.PokemonController - 페이징 포켓몬 목록 조회 요청: page=0, size=50, generation=0
2025-11-17 12:52:06 [http-nio-8080-exec-4] INFO  c.p.backend.service.PokemonService - 전체 포켓몬 조회: 총 1302마리
2025-11-17 12:52:06 [http-nio-8080-exec-4] INFO  c.p.backend.service.PokemonService - 페이징 포켓몬 조회 완료: 세대=0, 페이지=0, 크기=50, 총=1302개
2025-11-17 12:52:06 [http-nio-8080-exec-4] INFO  c.p.b.controller.PokemonController - 페이징 포켓몬 목록 조회 성공
2025-11-17 12:52:06 [http-nio-8080-exec-8] INFO  c.p.b.controller.PokemonController - 페이징 포켓몬 목록 조회 요청: page=0, size=50, generation=0
2025-11-17 12:52:06 [http-nio-8080-exec-8] INFO  c.p.backend.service.PokemonService - 전체 포켓몬 조회: 총 1302마리
2025-11-17 12:52:06 [http-nio-8080-exec-8] INFO  c.p.backend.service.PokemonService - 페이징 포켓몬 조회 완료: 세대=0, 페이지=0, 크기=50, 총=1302개
2025-11-17 12:52:06 [http-nio-8080-exec-8] INFO  c.p.b.controller.PokemonController - 페이징 포켓몬 목록 조회 성공
2025-11-17 12:52:07 [http-nio-8080-exec-9] INFO  c.p.b.controller.PokemonController - 페이징 포켓몬 목록 조회 요청: page=0, size=50, generation=9
2025-11-17 12:52:07 [http-nio-8080-exec-9] INFO  c.p.backend.service.PokemonService - 페이징 포켓몬 조회 완료: 세대=9, 페이지=0, 크기=50, 총=112개
2025-11-17 12:52:07 [http-nio-8080-exec-9] INFO  c.p.b.controller.PokemonController - 페이징 포켓몬 목록 조회 성공
2025-11-17 12:52:14 [http-nio-8080-exec-1] WARN  c.p.b.controller.PokemonController - 잘못된 포켓몬 이름 형식: 대쓰여너(수컷)
2025-11-17 12:52:14 [http-nio-8080-exec-3] WARN  c.p.b.controller.PokemonController - 잘못된 포켓몬 이름 형식: 대쓰여너(수컷)
2025-11-17 12:54:16 [main] INFO  c.pokeapi.backend.PokeApiApplication - Starting PokeApiApplication using Java 24.0.1 with PID 47198 (/Users/ryankim/PokeAPI/PokeAPI/backend/target/classes started by ryankim in /Users/ryankim/PokeAPI/PokeAPI/backend)
2025-11-17 12:54:16 [main] DEBUG c.pokeapi.backend.PokeApiApplication - Running with Spring Boot v3.2.0, Spring v6.1.1
2025-11-17 12:54:16 [main] INFO  c.pokeapi.backend.PokeApiApplication - No active profile set, falling back to 1 default profile: "default"
2025-11-17 12:54:16 [main] WARN  o.m.s.mapper.ClassPathMapperScanner - No MyBatis mapper was found in '[com.pokeapi.backend]' package. Please check your configuration.
2025-11-17 12:54:17 [main] INFO  o.a.catalina.core.StandardService - Starting service [Tomcat]
2025-11-17 12:54:17 [main] INFO  o.a.catalina.core.StandardEngine - Starting Servlet engine: [Apache Tomcat/10.1.16]
2025-11-17 12:54:17 [main] INFO  o.a.c.c.C.[Tomcat].[localhost].[/] - Initializing Spring embedded WebApplicationContext
2025-11-17 12:54:17 [main] INFO  o.h.jpa.internal.util.LogHelper - HHH000204: Processing PersistenceUnitInfo [name: default]
2025-11-17 12:54:17 [main] INFO  org.hibernate.Version - HHH000412: Hibernate ORM core version 6.3.1.Final
2025-11-17 12:54:17 [main] INFO  o.h.c.i.RegionFactoryInitiator - HHH000026: Second-level cache disabled
2025-11-17 12:54:17 [main] INFO  com.zaxxer.hikari.HikariDataSource - HikariPool-1 - Starting...
2025-11-17 12:54:17 [main] INFO  com.zaxxer.hikari.pool.HikariPool - HikariPool-1 - Added connection org.postgresql.jdbc.PgConnection@50a7c72b
2025-11-17 12:54:17 [main] INFO  com.zaxxer.hikari.HikariDataSource - HikariPool-1 - Start completed.
2025-11-17 12:54:17 [main] WARN  org.hibernate.orm.deprecation - HHH90000025: PostgreSQLDialect does not need to be specified explicitly using 'hibernate.dialect' (remove the property setting and it will be selected by default)
2025-11-17 12:54:17 [main] INFO  o.h.e.t.j.p.i.JtaPlatformInitiator - HHH000489: No JTA platform available (set 'hibernate.transaction.jta.platform' to enable JTA platform integration)
2025-11-17 12:54:18 [main] INFO  c.p.backend.service.PokemonService - 이미 포켓몬 데이터가 초기화되어 있습니다. 스킵합니다.
2025-11-17 12:54:18 [main] WARN  o.s.b.a.o.j.JpaBaseConfiguration$JpaWebConfiguration - spring.jpa.open-in-view is enabled by default. Therefore, database queries may be performed during view rendering. Explicitly configure spring.jpa.open-in-view to disable this warning
2025-11-17 12:54:18 [main] INFO  c.pokeapi.backend.PokeApiApplication - Started PokeApiApplication in 2.457 seconds (process running for 2.6)
2025-11-17 12:55:27 [http-nio-8080-exec-1] INFO  o.a.c.c.C.[Tomcat].[localhost].[/] - Initializing Spring DispatcherServlet 'dispatcherServlet'
2025-11-17 12:55:27 [http-nio-8080-exec-1] INFO  c.p.b.controller.PokemonController - 페이징 포켓몬 목록 조회 요청: page=0, size=20, generation=0
2025-11-17 12:55:27 [http-nio-8080-exec-1] INFO  c.p.backend.service.PokemonService - 전체 포켓몬 조회: 총 1302마리
2025-11-17 12:55:27 [http-nio-8080-exec-1] INFO  c.p.backend.service.PokemonService - 페이징 포켓몬 조회 완료: 세대=0, 페이지=0, 크기=20, 총=1302개
2025-11-17 12:55:27 [http-nio-8080-exec-1] INFO  c.p.b.controller.PokemonController - 페이징 포켓몬 목록 조회 성공
2025-11-17 12:56:17 [http-nio-8080-exec-4] INFO  c.p.b.controller.PokemonController - 페이징 포켓몬 목록 조회 요청: page=0, size=50, generation=0
2025-11-17 12:56:17 [http-nio-8080-exec-5] INFO  c.p.b.controller.PokemonController - 페이징 포켓몬 목록 조회 요청: page=0, size=50, generation=0
2025-11-17 12:56:17 [http-nio-8080-exec-3] INFO  c.p.b.controller.PokemonController - 페이징 포켓몬 목록 조회 요청: page=0, size=50, generation=0
2025-11-17 12:56:17 [http-nio-8080-exec-2] INFO  c.p.b.controller.PokemonController - 페이징 포켓몬 목록 조회 요청: page=0, size=50, generation=0
2025-11-17 12:56:17 [http-nio-8080-exec-2] INFO  c.p.backend.service.PokemonService - 전체 포켓몬 조회: 총 1302마리
2025-11-17 12:56:17 [http-nio-8080-exec-3] INFO  c.p.backend.service.PokemonService - 전체 포켓몬 조회: 총 1302마리
2025-11-17 12:56:17 [http-nio-8080-exec-5] INFO  c.p.backend.service.PokemonService - 전체 포켓몬 조회: 총 1302마리
2025-11-17 12:56:17 [http-nio-8080-exec-4] INFO  c.p.backend.service.PokemonService - 전체 포켓몬 조회: 총 1302마리
2025-11-17 12:56:17 [http-nio-8080-exec-3] INFO  c.p.backend.service.PokemonService - 페이징 포켓몬 조회 완료: 세대=0, 페이지=0, 크기=50, 총=1302개
2025-11-17 12:56:17 [http-nio-8080-exec-3] INFO  c.p.b.controller.PokemonController - 페이징 포켓몬 목록 조회 성공
2025-11-17 12:56:17 [http-nio-8080-exec-5] INFO  c.p.backend.service.PokemonService - 페이징 포켓몬 조회 완료: 세대=0, 페이지=0, 크기=50, 총=1302개
2025-11-17 12:56:17 [http-nio-8080-exec-5] INFO  c.p.b.controller.PokemonController - 페이징 포켓몬 목록 조회 성공
2025-11-17 12:56:17 [http-nio-8080-exec-4] INFO  c.p.backend.service.PokemonService - 페이징 포켓몬 조회 완료: 세대=0, 페이지=0, 크기=50, 총=1302개
2025-11-17 12:56:17 [http-nio-8080-exec-2] INFO  c.p.backend.service.PokemonService - 페이징 포켓몬 조회 완료: 세대=0, 페이지=0, 크기=50, 총=1302개
2025-11-17 12:56:17 [http-nio-8080-exec-4] INFO  c.p.b.controller.PokemonController - 페이징 포켓몬 목록 조회 성공
2025-11-17 12:56:17 [http-nio-8080-exec-2] INFO  c.p.b.controller.PokemonController - 페이징 포켓몬 목록 조회 성공
2025-11-17 12:56:18 [http-nio-8080-exec-6] INFO  c.p.b.controller.PokemonController - 페이징 포켓몬 목록 조회 요청: page=0, size=50, generation=10
2025-11-17 12:56:18 [http-nio-8080-exec-6] INFO  c.p.backend.service.PokemonService - 페이징 포켓몬 조회 완료: 세대=10, 페이지=0, 크기=50, 총=25개
2025-11-17 12:56:18 [http-nio-8080-exec-6] INFO  c.p.b.controller.PokemonController - 페이징 포켓몬 목록 조회 성공
2025-11-17 12:56:23 [http-nio-8080-exec-1] INFO  c.p.b.controller.PokemonController - 페이징 포켓몬 목록 조회 요청: page=0, size=50, generation=9
2025-11-17 12:56:23 [http-nio-8080-exec-1] INFO  c.p.backend.service.PokemonService - 페이징 포켓몬 조회 완료: 세대=9, 페이지=0, 크기=50, 총=112개
2025-11-17 12:56:23 [http-nio-8080-exec-1] INFO  c.p.b.controller.PokemonController - 페이징 포켓몬 목록 조회 성공
2025-11-17 12:56:24 [http-nio-8080-exec-3] INFO  c.p.b.controller.PokemonController - 포켓몬 검색 요청: 고동치는달 (원본: 고동치는달)
2025-11-17 12:56:24 [http-nio-8080-exec-3] INFO  c.p.b.controller.PokemonController - 포켓몬 검색 성공: 고동치는달
2025-11-17 12:56:24 [http-nio-8080-exec-5] INFO  c.p.b.controller.PokemonController - 포켓몬 검색 요청: 고동치는달 (원본: 고동치는달)
2025-11-17 12:56:24 [http-nio-8080-exec-5] INFO  c.p.b.controller.PokemonController - 포켓몬 검색 성공: 고동치는달
2025-11-17 12:56:26 [http-nio-8080-exec-4] INFO  c.p.b.controller.PokemonController - 페이징 포켓몬 목록 조회 요청: page=0, size=50, generation=0
2025-11-17 12:56:26 [http-nio-8080-exec-4] INFO  c.p.backend.service.PokemonService - 전체 포켓몬 조회: 총 1302마리
2025-11-17 12:56:26 [http-nio-8080-exec-4] INFO  c.p.backend.service.PokemonService - 페이징 포켓몬 조회 완료: 세대=0, 페이지=0, 크기=50, 총=1302개
2025-11-17 12:56:26 [http-nio-8080-exec-4] INFO  c.p.b.controller.PokemonController - 페이징 포켓몬 목록 조회 성공
2025-11-17 12:56:26 [http-nio-8080-exec-6] INFO  c.p.b.controller.PokemonController - 페이징 포켓몬 목록 조회 요청: page=0, size=50, generation=0
2025-11-17 12:56:26 [http-nio-8080-exec-6] INFO  c.p.backend.service.PokemonService - 전체 포켓몬 조회: 총 1302마리
2025-11-17 12:56:26 [http-nio-8080-exec-6] INFO  c.p.backend.service.PokemonService - 페이징 포켓몬 조회 완료: 세대=0, 페이지=0, 크기=50, 총=1302개
2025-11-17 12:56:26 [http-nio-8080-exec-6] INFO  c.p.b.controller.PokemonController - 페이징 포켓몬 목록 조회 성공
2025-11-17 12:56:26 [http-nio-8080-exec-7] INFO  c.p.b.controller.PokemonController - 페이징 포켓몬 목록 조회 요청: page=0, size=50, generation=0
2025-11-17 12:56:26 [http-nio-8080-exec-7] INFO  c.p.backend.service.PokemonService - 전체 포켓몬 조회: 총 1302마리
2025-11-17 12:56:26 [http-nio-8080-exec-7] INFO  c.p.backend.service.PokemonService - 페이징 포켓몬 조회 완료: 세대=0, 페이지=0, 크기=50, 총=1302개
2025-11-17 12:56:26 [http-nio-8080-exec-7] INFO  c.p.b.controller.PokemonController - 페이징 포켓몬 목록 조회 성공
2025-11-17 12:56:26 [http-nio-8080-exec-8] INFO  c.p.b.controller.PokemonController - 페이징 포켓몬 목록 조회 요청: page=0, size=50, generation=0
2025-11-17 12:56:26 [http-nio-8080-exec-8] INFO  c.p.backend.service.PokemonService - 전체 포켓몬 조회: 총 1302마리
2025-11-17 12:56:26 [http-nio-8080-exec-8] INFO  c.p.backend.service.PokemonService - 페이징 포켓몬 조회 완료: 세대=0, 페이지=0, 크기=50, 총=1302개
2025-11-17 12:56:26 [http-nio-8080-exec-8] INFO  c.p.b.controller.PokemonController - 페이징 포켓몬 목록 조회 성공
2025-11-17 12:56:27 [http-nio-8080-exec-9] INFO  c.p.b.controller.PokemonController - 페이징 포켓몬 목록 조회 요청: page=0, size=50, generation=10
2025-11-17 12:56:27 [http-nio-8080-exec-9] INFO  c.p.backend.service.PokemonService - 페이징 포켓몬 조회 완료: 세대=10, 페이지=0, 크기=50, 총=25개
2025-11-17 12:56:27 [http-nio-8080-exec-9] INFO  c.p.b.controller.PokemonController - 페이징 포켓몬 목록 조회 성공
